2025-08-19 13:16:05,871 | DEBUG: New Run: 
2025-08-19 13:16:07,817 | DEBUG: strAddInt: 
  99 +
  01 =
 11
 100
2025-08-19 13:16:07,817 | DEBUG: strAddInt: 
  0 +
  9 =
 0
  9
2025-08-19 13:16:07,817 | DEBUG: strAddInt: 
  9 +
  1 =
 1
 10
2025-08-19 13:16:07,817 | DEBUG: strSum:
  0.99 +
  9.01 =
  10.00
2025-08-19 13:16:10,153 | DEBUG: New Run: 
2025-08-19 13:16:12,166 | DEBUG: strAddInt: 
  99 +
  01 =
 11
 100
2025-08-19 13:16:12,166 | DEBUG: strAddInt: 
  0 +
  9 =
 0
  9
2025-08-19 13:16:12,166 | DEBUG: strAddInt: 
  9 +
  1 =
 1
 10
2025-08-19 13:16:12,166 | DEBUG: strSum:
  0.99 +
  9.01 =
  10.00
2025-08-19 13:16:46,096 | DEBUG: New Run: 
2025-08-19 13:16:47,634 | DEBUG: strAddInt: 
  99 +
  01 =
 11
 100
2025-08-19 13:16:47,635 | DEBUG: strAddInt: 
  0 +
  9 =
 0
  9
2025-08-19 13:16:47,635 | DEBUG: strAddInt: 
  9 +
  1 =
 1
 10
2025-08-19 13:16:47,635 | DEBUG: strSum:
  0.99 +
  9.01 =
  10.00
2025-08-19 13:16:49,135 | DEBUG: New Run: 
2025-08-19 13:16:50,358 | DEBUG: strAddInt: 
  99 +
  01 =
 11
 100
2025-08-19 13:16:50,358 | DEBUG: strAddInt: 
  0 +
  9 =
 0
  9
2025-08-19 13:16:50,358 | DEBUG: strAddInt: 
  9 +
  1 =
 1
 10
2025-08-19 13:16:50,358 | DEBUG: strSum:
  0.99 +
  9.01 =
  10.00
2025-08-19 13:17:25,614 | DEBUG: New Run: 
2025-08-19 13:17:26,204 | DEBUG: strAddInt: 
  99 +
  01 =
 11
 100
2025-08-19 13:17:26,204 | DEBUG: strAddInt: 
  0 +
  9 =
 0
  9
2025-08-19 13:17:26,205 | DEBUG: strAddInt: 
  9 +
  1 =
 1
 10
2025-08-19 13:17:26,205 | DEBUG: strSum:
  0.99 +
  9.01 =
  10.00
